<?xml version="1.0" encoding="UTF-8"?>
<!-- Generated by org.testng.reporters.JUnitReportReporter -->
<testsuite hostname="DESKTOP-P0HEONC" failures="0" tests="3" name="TestNG.com.testNG_demo.DataProviderDemo" time="0.008" errors="0" timestamp="2022-01-31T22:33:00 GMT-08:00" skipped="0">
  <testcase classname="TestNG.com.testNG_demo.DataProviderDemo" name="loginToBrowser" time="0.001"/>
  <system-out/>
  <testcase classname="TestNG.com.testNG_demo.DataProviderDemo" name="loginToBrowser" time="0.001"/>
  <system-out/>
  <testcase classname="TestNG.com.testNG_demo.DataProviderDemo" name="loginToBrowser" time="0.006"/>
  <system-out/>
</testsuite> <!-- TestNG.com.testNG_demo.DataProviderDemo -->
