<?xml version="1.0" encoding="UTF-8"?>
<!-- Generated by org.testng.reporters.JUnitReportReporter -->
<testsuite hostname="DESKTOP-P0HEONC" failures="0" tests="12" name="TestNG.com.testNG_demo.Annotation_test" time="0.016" errors="0" timestamp="2022-01-31T21:54:07 GMT-08:00" skipped="0">
  <testcase classname="TestNG.com.testNG_demo.Annotation_test" name="b1" time="0.001"/>
  <system-out/>
  <testcase classname="TestNG.com.testNG_demo.Annotation_test" name="m3" time="0.001"/>
  <system-out/>
  <testcase classname="TestNG.com.testNG_demo.Annotation_test" name="u1" time="0.000"/>
  <system-out/>
  <testcase classname="TestNG.com.testNG_demo.Annotation_test" name="aaa2" time="0.001"/>
  <system-out/>
  <testcase classname="TestNG.com.testNG_demo.Annotation_test" name="Aaa1" time="0.007"/>
  <system-out/>
  <testcase classname="TestNG.com.testNG_demo.Annotation_test" name="m2" time="0.001"/>
  <system-out/>
  <testcase classname="TestNG.com.testNG_demo.Annotation_test" name="aa1" time="0.001"/>
  <system-out/>
  <testcase classname="TestNG.com.testNG_demo.Annotation_test" name="m4" time="0.001"/>
  <system-out/>
  <testcase classname="TestNG.com.testNG_demo.Annotation_test" name="m1" time="0.001"/>
  <system-out/>
  <testcase classname="TestNG.com.testNG_demo.Annotation_test" name="a1" time="0.000"/>
  <system-out/>
  <testcase classname="TestNG.com.testNG_demo.Annotation_test" name="aa2" time="0.001"/>
  <system-out/>
  <testcase classname="TestNG.com.testNG_demo.Annotation_test" name="z1" time="0.001"/>
  <system-out/>
</testsuite> <!-- TestNG.com.testNG_demo.Annotation_test -->
