<?xml version="1.0" encoding="UTF-8"?>
<!-- Generated by org.testng.reporters.JUnitReportReporter -->
<testsuite hostname="DESKTOP-P0HEONC" failures="0" tests="4" name="TestNG.com.testNG_demo.Priority_Demo" time="0.018" errors="0" timestamp="2022-01-31T22:06:19 GMT-08:00" skipped="0">
  <testcase classname="TestNG.com.testNG_demo.Priority_Demo" name="aa2" time="0.013"/>
  <system-out/>
  <testcase classname="TestNG.com.testNG_demo.Priority_Demo" name="aa1" time="0.002"/>
  <system-out/>
  <testcase classname="TestNG.com.testNG_demo.Priority_Demo" name="A1a2" time="0.001"/>
  <system-out/>
  <testcase classname="TestNG.com.testNG_demo.Priority_Demo" name="AAa1" time="0.002"/>
  <system-out/>
</testsuite> <!-- TestNG.com.testNG_demo.Priority_Demo -->
