<?xml version="1.0" encoding="UTF-8"?>
<!-- Generated by org.testng.reporters.JUnitReportReporter -->
<testsuite hostname="DESKTOP-P0HEONC" failures="0" tests="1" name="TestNG.com.testNG_demo.Annotation_Dem" time="0.005" errors="0" timestamp="2022-01-31T21:43:55 GMT-08:00" skipped="0">
  <testcase classname="TestNG.com.testNG_demo.Annotation_Dem" name="imTest1" time="0.005"/>
  <system-out/>
</testsuite> <!-- TestNG.com.testNG_demo.Annotation_Dem -->
